<?xml version="1.0" encoding="UTF-8"?>
<testng-results skipped="0" failed="0" total="2" passed="2">
  <reporter-output>
  </reporter-output>
  <suite name="Suite" duration-ms="121663" started-at="2018-01-02T12:44:19Z" finished-at="2018-01-02T12:46:20Z">
    <groups>
    </groups>
    <test name="Test" duration-ms="121663" started-at="2018-01-02T12:44:19Z" finished-at="2018-01-02T12:46:20Z">
      <class name="com.maven.test.testscripts.Testcase02">
        <test-method status="PASS" signature="LandingPage()[pri:0, instance:com.maven.test.testscripts.Testcase02@2133c8f8]" name="LandingPage" duration-ms="28278" started-at="2018-01-02T18:15:52Z" finished-at="2018-01-02T18:16:20Z">
          <reporter-output>
          </reporter-output>
        </test-method> <!-- LandingPage -->
      </class> <!-- com.maven.test.testscripts.Testcase02 -->
      <class name="com.maven.test.testscripts.Testcase01">
        <test-method status="PASS" signature="startbrowser()[pri:0, instance:com.maven.test.testscripts.Testcase01@57829d67]" name="startbrowser" is-config="true" duration-ms="22321" started-at="2018-01-02T18:14:19Z" finished-at="2018-01-02T18:14:41Z">
          <reporter-output>
          </reporter-output>
        </test-method> <!-- startbrowser -->
        <test-method status="PASS" signature="Logintest()[pri:0, instance:com.maven.test.testscripts.Testcase01@57829d67]" name="Logintest" duration-ms="71059" started-at="2018-01-02T18:14:41Z" finished-at="2018-01-02T18:15:52Z">
          <reporter-output>
          </reporter-output>
        </test-method> <!-- Logintest -->
      </class> <!-- com.maven.test.testscripts.Testcase01 -->
    </test> <!-- Test -->
  </suite> <!-- Suite -->
</testng-results>
