<?xml version="1.0" encoding="UTF-8"?>
<testng-results skipped="0" failed="0" total="1" passed="1">
  <reporter-output>
  </reporter-output>
  <suite name="Default suite" duration-ms="37752" started-at="2018-02-16T14:55:26Z" finished-at="2018-02-16T14:56:04Z">
    <groups>
    </groups>
    <test name="Default test" duration-ms="37752" started-at="2018-02-16T14:55:26Z" finished-at="2018-02-16T14:56:04Z">
      <class name="com.maven.test.testscripts.Testcase01">
        <test-method status="PASS" signature="startbrowser()[pri:0, instance:com.maven.test.testscripts.Testcase01@1d057a39]" name="startbrowser" is-config="true" duration-ms="13196" started-at="2018-02-16T20:25:26Z" finished-at="2018-02-16T20:25:40Z">
          <reporter-output>
          </reporter-output>
        </test-method> <!-- startbrowser -->
        <test-method status="PASS" signature="Logintest()[pri:0, instance:com.maven.test.testscripts.Testcase01@1d057a39]" name="Logintest" duration-ms="24533" started-at="2018-02-16T20:25:40Z" finished-at="2018-02-16T20:26:04Z">
          <reporter-output>
          </reporter-output>
        </test-method> <!-- Logintest -->
        <test-method status="PASS" signature="quit()[pri:0, instance:com.maven.test.testscripts.Testcase01@1d057a39]" name="quit" is-config="true" duration-ms="0" started-at="2018-02-16T20:26:04Z" finished-at="2018-02-16T20:26:04Z">
          <reporter-output>
          </reporter-output>
        </test-method> <!-- quit -->
      </class> <!-- com.maven.test.testscripts.Testcase01 -->
    </test> <!-- Default test -->
  </suite> <!-- Default suite -->
</testng-results>
